<?xml version="1.0" encoding="UTF-8" ?>
<testsuite errors="0" failures="0" hostname="desktopIgor" name="sistemabancario.ContaTest" skipped="0" tests="3" time="0.078" timestamp="2025-12-17T02:54:26">
  <properties>
[...]
</properties>
  <testcase classname="sistemabancario.ContaTest" name="testSacar" time="0.009" />
  <testcase classname="sistemabancario.ContaTest" name="testSacarSaldoInsuficiente" time="0.0" />
  <testcase classname="sistemabancario.ContaTest" name="testDepositar" time="0.0" />
  <system-out><![CDATA[Valor de R$ 100.0 depositado na conta 1 para o correntista Teste, 123
Saldo atual: 100.0
Valor de R$30.0 sacado da conta 1 para o correntista Teste
Saldo atual: 70.0
Valor de R$ 50.0 depositado na conta 2 para o correntista Teste, 123
Saldo atual: 50.0
Saldo insuficiente
Valor de R$ 100.0 depositado na conta 3 para o correntista Teste, 123
Saldo atual: 100.0
]]></system-out>
  <system-err><![CDATA[]]></system-err>
</testsuite>
